<?xml version="1.0" encoding="UTF-8"?>
<!-- Generated by org.testng.reporters.JUnitReportReporter -->
<testsuite skipped="0" hostname="OJAS-DD282" name="dp.parameterdpTest" tests="4" failures="0" timestamp="15 Jan 2021 09:17:36 GMT" time="0.001" errors="0">
  <testcase name="testcase1" time="0.001" classname="dp.parameterdpTest"/>
  <testcase name="testcase1" time="0.000" classname="dp.parameterdpTest"/>
  <testcase name="testcase1" time="0.000" classname="dp.parameterdpTest"/>
  <testcase name="testcase1" time="0.000" classname="dp.parameterdpTest"/>
</testsuite> <!-- dp.parameterdpTest -->
